<?xml version="1.0" encoding="UTF-8"?>
<!-- Generated by org.testng.reporters.JUnitXMLReporter -->
<testsuite hostname="DESKTOP-U8UDBFC" ignored="0" name="Test" tests="4" failures="1" timestamp="2020-09-17T20:27:16 IST" time="0.143" errors="0">
  <testcase name="test1" time="0.019" classname="week6.assignments.TestCase1">
    <skipped/>
  </testcase> <!-- test1 -->
  <testcase name="test1" time="0.002" classname="week6.assignments.TestCase1">
    <skipped/>
  </testcase> <!-- test1 -->
  <testcase name="test1" time="0.003" classname="week6.assignments.TestCase1">
    <skipped/>
  </testcase> <!-- test1 -->
  <testcase name="test1" time="0.003" classname="week6.assignments.TestCase1">
    <failure type="java.lang.RuntimeException">
      <![CDATA[java.lang.RuntimeException
at week6.assignments.TestCase1.test1(TestCase1.java:10)
at java.util.ArrayList.forEach(Unknown Source)
... Removed 27 stack frames]]>
    </failure>
  </testcase> <!-- test1 -->
</testsuite> <!-- Test -->
