<?xml version="1.0" encoding="UTF-8"?>
<!-- Generated by org.testng.reporters.JUnitXMLReporter -->
<testsuite hostname="DESKTOP-U8UDBFC" ignored="1" name="Test1" tests="4" failures="0" timestamp="2020-09-05T18:05:48 IST" time="0.11" errors="0">
  <testcase name="test3" time="0.007" classname="testng.day1.TestCase2"/>
  <testcase name="test4" time="0.001" classname="testng.day1.TestCase2"/>
  <testcase name="test1" time="0.007" classname="testng.day1.TestCase1"/>
  <testcase name="test2" time="0.003" classname="testng.day1.TestCase1"/>
  <testcase name="@BeforeTest beforeTest" time="0.0" classname="testng.day1.BaseClass">
    <ignored/>
  </testcase> <!-- @BeforeTest beforeTest -->
</testsuite> <!-- Test1 -->
